INFO  Using log config file: jar:file:/opt/homebrew/Cellar/ghidra/12.1.2/libexec/Ghidra/Framework/Generic/lib/Generic.jar!/generic.log4j.xml (LoggingInitialization)  
INFO  Using log file: /Users/happyelements/Library/ghidra/ghidra_12.1.2_PUBLIC/application.log (LoggingInitialization)  
INFO  Loading user preferences: /Users/happyelements/Library/ghidra/ghidra_12.1.2_PUBLIC/preferences (Preferences)  
INFO  Searching for classes... (ClassSearcher)  
INFO  Class search complete (513 ms) (ClassSearcher)  
INFO  Initializing SSL Context (DefaultSSLContextInitializer)  
INFO  Initializing Random Number Generator... (SecureRandomFactory)  
INFO  Random Number Generator initialization complete: NativePRNGNonBlocking (SecureRandomFactory)  
INFO  Trust manager disabled, cacerts have not been set (DefaultTrustManagerFactory)  
INFO  Headless startup complete (1152 ms) (AnalyzeHeadless)  
INFO  Class searcher loaded 59 extension points (20 false positives) (ClassSearcher)  
INFO  HEADLESS Script Paths:
    /opt/homebrew/Cellar/ghidra/12.1.2/libexec/Ghidra/Features/SystemEmulation/ghidra_scripts
    /opt/homebrew/Cellar/ghidra/12.1.2/libexec/Ghidra/Features/Base/ghidra_scripts
    /opt/homebrew/Cellar/ghidra/12.1.2/libexec/Ghidra/Features/FunctionID/ghidra_scripts
    /opt/homebrew/Cellar/ghidra/12.1.2/libexec/Ghidra/Features/WildcardAssembler/ghidra_scripts
    /opt/homebrew/Cellar/ghidra/12.1.2/libexec/Ghidra/Features/MicrosoftCodeAnalyzer/ghidra_scripts
    /opt/homebrew/Cellar/ghidra/12.1.2/libexec/Ghidra/Features/FileFormats/ghidra_scripts
    /opt/homebrew/Cellar/ghidra/12.1.2/libexec/Ghidra/Processors/Atmel/ghidra_scripts
    /opt/homebrew/Cellar/ghidra/12.1.2/libexec/Ghidra/Features/DecompilerDependent/ghidra_scripts
    /opt/homebrew/Cellar/ghidra/12.1.2/libexec/Ghidra/Processors/8051/ghidra_scripts
    /opt/homebrew/Cellar/ghidra/12.1.2/libexec/Ghidra/Processors/DATA/ghidra_scripts
    /opt/homebrew/Cellar/ghidra/12.1.2/libexec/Ghidra/Processors/JVM/ghidra_scripts
    /opt/homebrew/Cellar/ghidra/12.1.2/libexec/Ghidra/Features/GnuDemangler/ghidra_scripts
    /opt/homebrew/Cellar/ghidra/12.1.2/libexec/Ghidra/Debug/Debugger/ghidra_scripts
    /opt/homebrew/Cellar/ghidra/12.1.2/libexec/Ghidra/Features/BSim/ghidra_scripts
    /opt/homebrew/Cellar/ghidra/12.1.2/libexec/Ghidra/Features/BytePatterns/ghidra_scripts
    /opt/homebrew/Cellar/ghidra/12.1.2/libexec/Ghidra/Features/PyGhidra/ghidra_scripts
    /Users/happyelements/SteamLibrary/steamapps/common/Like Dreamer/reverse/tools/ghidra_scripts
    /opt/homebrew/Cellar/ghidra/12.1.2/libexec/Ghidra/Debug/Debugger-rmi-trace/ghidra_scripts
    /opt/homebrew/Cellar/ghidra/12.1.2/libexec/Ghidra/Features/Decompiler/ghidra_scripts
    /opt/homebrew/Cellar/ghidra/12.1.2/libexec/Ghidra/Features/SwiftDemangler/ghidra_scripts
    /opt/homebrew/Cellar/ghidra/12.1.2/libexec/Ghidra/Features/VersionTracking/ghidra_scripts
    /opt/homebrew/Cellar/ghidra/12.1.2/libexec/Ghidra/Features/PDB/ghidra_scripts
    /opt/homebrew/Cellar/ghidra/12.1.2/libexec/Ghidra/Processors/PIC/ghidra_scripts (HeadlessAnalyzer)  
INFO  HEADLESS: execution starts (HeadlessAnalyzer)  
INFO  Opening existing project: /Users/happyelements/SteamLibrary/steamapps/common/Like Dreamer/reverse/ghidra-or-ida/project/LikeDreamerGhidra (HeadlessAnalyzer)  
INFO  Opening project: /Users/happyelements/SteamLibrary/steamapps/common/Like Dreamer/reverse/ghidra-or-ida/project/LikeDreamerGhidra (HeadlessProject)  
INFO  REPORT: Processing project file: /LikeDreamer.exe (HeadlessAnalyzer)  
INFO  ANALYZING all memory and code: /LikeDreamer.exe (HeadlessAnalyzer)  
WARN  Ignoring leading '_' chars on no-return name '___raise_securityfailure' specified in file: /opt/homebrew/Cellar/ghidra/12.1.2/libexec/Ghidra/Features/Base/data/PEFunctionsThatDoNotReturn (NoReturnFunctionAnalyzer)  
WARN  Ignoring leading '_' chars on no-return name '___report_rangecheckfailure' specified in file: /opt/homebrew/Cellar/ghidra/12.1.2/libexec/Ghidra/Features/Base/data/PEFunctionsThatDoNotReturn (NoReturnFunctionAnalyzer)  
INFO  Skipping PDB processing: failed to locate PDB file in configured locations (PdbUniversalAnalyzer)  
INFO  Use a script to set the PDB file location. I.e.,
    PdbAnalyzer.setPdbFileOption(currentProgram, new File("/path/to/pdb/file.pdb")); or
    PdbUniversalAnalyzer.setPdbFileOption(currentProgram, new File("/path/to/pdb/file.pdb"));
Or set the symbol server search configuration using:    PdbPlugin.saveSymbolServerServiceConfig(...);
 This must be done using a pre-script (prior to analysis). (PdbUniversalAnalyzer)  
WARN  Decompiling 14017ae00: Unable to read bytes at ram:20ccccccc (DecompileCallback)  
WARN  Decompiling 1401f1f20: Unable to read bytes at ram:144040000 (DecompileCallback)  
INFO  Packed database cache: /var/tmp/happyelements-ghidra/packed-db-cache (PackedDatabaseCache)  
INFO  Applied data type archive: windows_vs12_64 (ApplyDataArchiveAnalyzer)  
INFO  -----------------------------------------------------
    ASCII Strings                              0.550 secs
    Apply Data Archives                        0.266 secs
    Call Convention ID                         0.118 secs
    Call-Fixup Installer                       0.015 secs
    Create Address Tables                      0.752 secs
    Create Function                            0.000 secs
    Data Reference                             0.763 secs
    Decompiler Switch Analysis                29.630 secs
    Demangler Microsoft                        0.016 secs
    Disassemble Entry Points                   0.277 secs
    Embedded Media                             0.090 secs
    External Entry References                  0.000 secs
    Function ID                                3.256 secs
    Function Start Search                      0.061 secs
    Non-Returning Functions - Discovered       1.912 secs
    Non-Returning Functions - Known            0.032 secs
    PDB Universal                              0.007 secs
    Reference                                  0.801 secs
    Scalar Operand References                  2.998 secs
    Shared Return Calls                        0.704 secs
    Stack                                      0.820 secs
    Subroutine References                      0.823 secs
    Windows x86 PE Exception Handling          0.060 secs
    Windows x86 PE RTTI Analyzer               0.000 secs
    Windows x86 Thread Environment Block (TEB) Analyzer     0.000 secs
    WindowsResourceReference                   0.278 secs
    x86 Constant Reference Analyzer           10.767 secs
-----------------------------------------------------
     Total Time   54 secs
-----------------------------------------------------
 (AutoAnalysisManager)  
INFO  REPORT: Analysis succeeded for file: /LikeDreamer.exe (HeadlessAnalyzer)  
INFO  REPORT: Execute script: ExportFunctionNeighborhood.java '/Users/happyelements/SteamLibrary/steamapps/common/Like Dreamer/reverse/ghidra-or-ida/exports/main-gameplay' '1400d4610' '1400d5d50' '14010e9b0' '1400bca30' '1400fcd20'  (HeadlessAnalyzer)  
INFO  SCRIPT: /Users/happyelements/SteamLibrary/steamapps/common/Like Dreamer/reverse/tools/ghidra_scripts/ExportFunctionNeighborhood.java (HeadlessAnalyzer)  
WARN  Decompiling 140078b70: Unable to read bytes at ram:141010000 (DecompileCallback)  
WARN  Decompiling 1400cd750: Unable to read bytes at ram:143000000 (DecompileCallback)  
INFO  ANALYZING changes made by post scripts: /LikeDreamer.exe (HeadlessAnalyzer)  
INFO  REPORT: Post-analysis succeeded for file: /LikeDreamer.exe (HeadlessAnalyzer)  
INFO  REPORT: Save succeeded for processed file: /LikeDreamer.exe (HeadlessAnalyzer)  
