2026-07-02 17:03:07 INFO  (LoggingInitialization) Using log config file: jar:file:/opt/homebrew/Cellar/ghidra/12.1.2/libexec/Ghidra/Framework/Generic/lib/Generic.jar!/generic.log4j.xml  
2026-07-02 17:03:07 INFO  (LoggingInitialization) Using log file: /Users/happyelements/SteamLibrary/steamapps/common/Like Dreamer/reverse/ghidra-or-ida/logs/import-analysis.log  
2026-07-02 17:03:07 DEBUG (GhidraObjectInputFilter) Including serial input filter: FileSystem/data/client.rmi.serial.filter  
2026-07-02 17:03:07 INFO  (Preferences) Loading user preferences: /Users/happyelements/Library/ghidra/ghidra_12.1.2_PUBLIC/preferences  
2026-07-02 17:03:07 INFO  (ClassSearcher) Searching for classes...  
2026-07-02 17:03:07 INFO  (ClassSearcher) Class search complete (321 ms)  
2026-07-02 17:03:07 INFO  (DefaultSSLContextInitializer) Initializing SSL Context  
2026-07-02 17:03:07 INFO  (SecureRandomFactory) Initializing Random Number Generator...  
2026-07-02 17:03:07 INFO  (SecureRandomFactory) Random Number Generator initialization complete: NativePRNGNonBlocking  
2026-07-02 17:03:07 INFO  (DefaultTrustManagerFactory) Trust manager disabled, cacerts have not been set  
2026-07-02 17:03:07 INFO  (FileCacheMaintenanceDaemon) Starting cache cleanup: /var/tmp/happyelements-ghidra/fscache2  
2026-07-02 17:03:07 INFO  (FileCacheMaintenanceDaemon) Finished cache cleanup, estimated storage used: 0  
2026-07-02 17:03:08 INFO  (AnalyzeHeadless) Headless startup complete (1040 ms)  
2026-07-02 17:03:08 INFO  (ClassSearcher) Class searcher loaded 59 extension points (20 false positives)  
2026-07-02 17:03:08 INFO  (HeadlessAnalyzer) HEADLESS Script Paths:
    /opt/homebrew/Cellar/ghidra/12.1.2/libexec/Ghidra/Features/SystemEmulation/ghidra_scripts
    /opt/homebrew/Cellar/ghidra/12.1.2/libexec/Ghidra/Features/Base/ghidra_scripts
    /opt/homebrew/Cellar/ghidra/12.1.2/libexec/Ghidra/Features/FunctionID/ghidra_scripts
    /opt/homebrew/Cellar/ghidra/12.1.2/libexec/Ghidra/Features/WildcardAssembler/ghidra_scripts
    /opt/homebrew/Cellar/ghidra/12.1.2/libexec/Ghidra/Features/MicrosoftCodeAnalyzer/ghidra_scripts
    /opt/homebrew/Cellar/ghidra/12.1.2/libexec/Ghidra/Features/FileFormats/ghidra_scripts
    /opt/homebrew/Cellar/ghidra/12.1.2/libexec/Ghidra/Processors/Atmel/ghidra_scripts
    /opt/homebrew/Cellar/ghidra/12.1.2/libexec/Ghidra/Features/DecompilerDependent/ghidra_scripts
    /opt/homebrew/Cellar/ghidra/12.1.2/libexec/Ghidra/Processors/8051/ghidra_scripts
    /opt/homebrew/Cellar/ghidra/12.1.2/libexec/Ghidra/Processors/DATA/ghidra_scripts
    /opt/homebrew/Cellar/ghidra/12.1.2/libexec/Ghidra/Processors/JVM/ghidra_scripts
    /opt/homebrew/Cellar/ghidra/12.1.2/libexec/Ghidra/Features/GnuDemangler/ghidra_scripts
    /opt/homebrew/Cellar/ghidra/12.1.2/libexec/Ghidra/Debug/Debugger/ghidra_scripts
    /opt/homebrew/Cellar/ghidra/12.1.2/libexec/Ghidra/Features/BSim/ghidra_scripts
    /opt/homebrew/Cellar/ghidra/12.1.2/libexec/Ghidra/Features/BytePatterns/ghidra_scripts
    /opt/homebrew/Cellar/ghidra/12.1.2/libexec/Ghidra/Features/PyGhidra/ghidra_scripts
    /opt/homebrew/Cellar/ghidra/12.1.2/libexec/Ghidra/Debug/Debugger-rmi-trace/ghidra_scripts
    /opt/homebrew/Cellar/ghidra/12.1.2/libexec/Ghidra/Features/Decompiler/ghidra_scripts
    /opt/homebrew/Cellar/ghidra/12.1.2/libexec/Ghidra/Features/SwiftDemangler/ghidra_scripts
    /opt/homebrew/Cellar/ghidra/12.1.2/libexec/Ghidra/Features/VersionTracking/ghidra_scripts
    /opt/homebrew/Cellar/ghidra/12.1.2/libexec/Ghidra/Features/PDB/ghidra_scripts
    /opt/homebrew/Cellar/ghidra/12.1.2/libexec/Ghidra/Processors/PIC/ghidra_scripts  
2026-07-02 17:03:08 INFO  (HeadlessAnalyzer) HEADLESS: execution starts  
2026-07-02 17:03:08 INFO  (HeadlessAnalyzer) Creating project: /Users/happyelements/SteamLibrary/steamapps/common/Like Dreamer/reverse/ghidra-or-ida/project/LikeDreamerGhidra  
2026-07-02 17:03:08 INFO  (DefaultProject) Creating project: /Users/happyelements/SteamLibrary/steamapps/common/Like Dreamer/reverse/ghidra-or-ida/project/LikeDreamerGhidra  
2026-07-02 17:03:08 INFO  (HeadlessAnalyzer) REPORT: Processing input files:   
2026-07-02 17:03:08 INFO  (HeadlessAnalyzer)      project: /Users/happyelements/SteamLibrary/steamapps/common/Like Dreamer/reverse/ghidra-or-ida/project/LikeDreamerGhidra  
2026-07-02 17:03:08 INFO  (HeadlessAnalyzer) IMPORTING: file:///Users/happyelements/SteamLibrary/steamapps/common/Like Dreamer/reverse/inputs/LikeDreamer.exe  
2026-07-02 17:03:08 INFO  (ProgramLoader) Using Loader: Portable Executable (PE)  
2026-07-02 17:03:08 INFO  (ProgramLoader) Using Language/Compiler: x86:LE:64:default:windows  
2026-07-02 17:03:08 INFO  (ProgramLoader) Using Library Search Path: [., /System/Library/dyld/dyld_shared_cache_arm64e, /System/Library/dyld/dyld_shared_cache_x86_64, /System/Library/dyld/dyld_shared_cache_x86_64h, /System/Cryptexes/OS/System/Library/dyld/dyld_shared_cache_arm64e, /System/Cryptexes/OS/System/Library/dyld/dyld_shared_cache_x86_64, /System/Cryptexes/OS/System/Library/dyld/dyld_shared_cache_x86_64h, /Users/happyelements/Library/Java/Extensions, /Library/Java/Extensions, /Network/Library/Java/Extensions, /System/Library/Java/Extensions, /usr/lib/java]  
2026-07-02 17:03:09 INFO  (TLSDirectory) TLS callbacks at 1404a7418  
2026-07-02 17:03:18 INFO  (TLSDirectory) TLS callbacks at 13b427370  
2026-07-02 17:03:19 INFO  (FileSystemInstanceManager) Removing 2 unused filesystems from cache  
2026-07-02 17:03:19 DEBUG (FileSystemInstanceManager) Closing unused filesystem [file:///System/Cryptexes/OS/System/Library/dyld/dyld_shared_cache_x86_64?MD5=1cb060ce059a8ff78c658c2d9d0d0a24]  
2026-07-02 17:03:19 DEBUG (FileSystemInstanceManager) Closing unused filesystem [file:///System/Cryptexes/OS/System/Library/dyld/dyld_shared_cache_arm64e?MD5=8ed9f1e921e960651b4c29b5d4717921]  
2026-07-02 17:03:19 INFO  (ProgramLoader) Additional info:
Loading file:///Users/happyelements/SteamLibrary/steamapps/common/Like Dreamer/reverse/inputs/LikeDreamer.exe?MD5=0834d7bd1b28db36bb46831070711b48...
------------------------------------------------

Searching 4 paths for library ADVAPI32.DLL...
Library not found.
------------------------------------------------

Searching 4 paths for library GDI32.DLL...
Library not found.
------------------------------------------------

Searching 4 paths for library KERNEL32.DLL...
Library not found.
------------------------------------------------

Searching 4 paths for library STEAM_API64.DLL...
Loading file:///Users/happyelements/SteamLibrary/steamapps/common/Like Dreamer/reverse/inputs/STEAM_API64.DLL?MD5=6b4ab6e60364c55f18a56a39021b74a6...
Created exports file: /Users/happyelements/Library/ghidra/ghidra_12.1.2_PUBLIC/symbols/win64/steam_api64.exports
Library not saved to project.
------------------------------------------------

Searching 4 paths for library USER32.DLL...
Library not found.
------------------------------------------------

Applying cached symbols from STEAM_API64.DLL
Linking the External Programs of 'LikeDreamer.exe' to imported libraries...
  [STEAM_API64.DLL] -> not found in project
  [KERNEL32.DLL] -> not found in project
  [USER32.DLL] -> not found in project
  [GDI32.DLL] -> not found in project
  [ADVAPI32.DLL] -> not found in project
------------------------------------------------

  
2026-07-02 17:03:19 INFO  (HeadlessAnalyzer) IMPORTING: Loaded 0 additional files  
2026-07-02 17:03:19 INFO  (HeadlessAnalyzer) ANALYZING all memory and code: file:///Users/happyelements/SteamLibrary/steamapps/common/Like Dreamer/reverse/inputs/LikeDreamer.exe  
2026-07-02 17:03:19 WARN  (NoReturnFunctionAnalyzer) Ignoring leading '_' chars on no-return name '___raise_securityfailure' specified in file: /opt/homebrew/Cellar/ghidra/12.1.2/libexec/Ghidra/Features/Base/data/PEFunctionsThatDoNotReturn  
2026-07-02 17:03:19 WARN  (NoReturnFunctionAnalyzer) Ignoring leading '_' chars on no-return name '___report_rangecheckfailure' specified in file: /opt/homebrew/Cellar/ghidra/12.1.2/libexec/Ghidra/Features/Base/data/PEFunctionsThatDoNotReturn  
2026-07-02 17:03:19 DEBUG (SymbolServerService) SymbolServerService: querying Program's Import Location - /Users/happyelements/SteamLibrary/steamapps/common/Like Dreamer/reverse/inputs for Outside_Game.pdb, ce125bbb-470c-4e33-b794-913978e0f014, 16, 0, ???  
2026-07-02 17:03:19 DEBUG (SymbolServerService) SymbolServerService: got 0 results from Program's Import Location - /Users/happyelements/SteamLibrary/steamapps/common/Like Dreamer/reverse/inputs  
2026-07-02 17:03:19 DEBUG (SymbolServerService) SymbolServerService: found 0 matches  
2026-07-02 17:03:19 INFO  (PdbUniversalAnalyzer) Skipping PDB processing: failed to locate PDB file in configured locations  
2026-07-02 17:03:19 INFO  (PdbUniversalAnalyzer) Use a script to set the PDB file location. I.e.,
    PdbAnalyzer.setPdbFileOption(currentProgram, new File("/path/to/pdb/file.pdb")); or
    PdbUniversalAnalyzer.setPdbFileOption(currentProgram, new File("/path/to/pdb/file.pdb"));
Or set the symbol server search configuration using:    PdbPlugin.saveSymbolServerServiceConfig(...);
 This must be done using a pre-script (prior to analysis).  
2026-07-02 17:03:19 INFO  (PackedDatabaseCache) Packed database cache: /var/tmp/happyelements-ghidra/packed-db-cache  
2026-07-02 17:03:19 DEBUG (PackedDatabaseCache) Caching packed database: /opt/homebrew/Cellar/ghidra/12.1.2/libexec/Ghidra/Features/Base/data/typeinfo/win32/windows_vs12_64.gdt  
2026-07-02 17:03:19 DEBUG (PackedDatabase) Unpacking database /opt/homebrew/Cellar/ghidra/12.1.2/libexec/Ghidra/Features/Base/data/typeinfo/win32/windows_vs12_64.gdt -> /var/tmp/happyelements-ghidra/packed-db-cache/pdb56B0C8E6/db.1.gbf  
2026-07-02 17:03:19 DEBUG (PackedDatabaseCache) Cache update completed: /opt/homebrew/Cellar/ghidra/12.1.2/libexec/Ghidra/Features/Base/data/typeinfo/win32/windows_vs12_64.gdt  
2026-07-02 17:03:32 WARN  (DecompileCallback) Decompiling 14017ae00: Unable to read bytes at ram:20ccccccc  
2026-07-02 17:03:35 WARN  (DecompileCallback) Decompiling 1400cd750: Unable to read bytes at ram:143000000  
2026-07-02 17:03:35 WARN  (DecompileCallback) Decompiling 1401f1f20: Unable to read bytes at ram:144040000  
2026-07-02 17:03:36 WARN  (DecompileCallback) Decompiling 14007b710: Unable to read bytes at ram:141010000  
2026-07-02 17:03:37 WARN  (DecompileCallback) Decompiling 140078b70: Unable to read bytes at ram:141010000  
2026-07-02 17:04:39 WARN  (DecompileCallback) Decompiling 14017ae00: Unable to read bytes at ram:20ccccccc  
2026-07-02 17:05:02 INFO  (ApplyDataArchiveAnalyzer) Applied data type archive: windows_vs12_64  
2026-07-02 17:05:02 INFO  (ApplyDataArchiveAnalyzer) Applied data type archive: windows_vs12_64  
2026-07-02 17:05:15 DEBUG (NewFunctionStackAnalysisCmd) Failed to create variable (instruction at 1402fc4ec, stack-offset=-8, size=16): Data type does not fit within stack frame constraints (stack offset=-8, size=16  
2026-07-02 17:05:15 DEBUG (NewFunctionStackAnalysisCmd) Failed to create variable (instruction at 1402fc4f2, stack-offset=-8, size=16): Data type does not fit within stack frame constraints (stack offset=-8, size=16  
2026-07-02 17:05:15 DEBUG (NewFunctionStackAnalysisCmd) Failed to create variable (instruction at 1402fc4ec, stack-offset=24, size=16): Data type does not fit within stack frame constraints (stack offset=-8, size=16  
2026-07-02 17:05:15 DEBUG (NewFunctionStackAnalysisCmd) Failed to create variable (instruction at 1402fc4f2, stack-offset=24, size=16): Data type does not fit within stack frame constraints (stack offset=-8, size=16  
2026-07-02 17:05:15 DEBUG (NewFunctionStackAnalysisCmd) Failed to create variable (instruction at 1402fc4ec, stack-offset=-8, size=16): Data type does not fit within stack frame constraints (stack offset=-8, size=16  
2026-07-02 17:05:15 DEBUG (NewFunctionStackAnalysisCmd) Failed to create variable (instruction at 1402fc4f2, stack-offset=-8, size=16): Data type does not fit within stack frame constraints (stack offset=-8, size=16  
2026-07-02 17:05:17 INFO  (AutoAnalysisManager) -----------------------------------------------------
    ASCII Strings                              0.516 secs
    Apply Data Archives                        0.086 secs
    Call Convention ID                         0.022 secs
    Call-Fixup Installer                       0.019 secs
    Create Address Tables                      0.431 secs
    Create Address Tables - One Time           0.399 secs
    Create Function                            0.071 secs
    Data Reference                             0.428 secs
    Decompiler Switch Analysis                77.953 secs
    Demangler Microsoft                        0.034 secs
    Disassemble Entry Points                   5.924 secs
    Embedded Media                             0.050 secs
    External Entry References                  0.000 secs
    Function ID                                2.464 secs
    Function Start Search                      0.055 secs
    Non-Returning Functions - Discovered       1.202 secs
    Non-Returning Functions - Known            0.008 secs
    PDB Universal                              0.005 secs
    Reference                                  0.388 secs
    Scalar Operand References                  2.787 secs
    Shared Return Calls                        0.412 secs
    Stack                                     11.525 secs
    Subroutine References                      0.255 secs
    Subroutine References - One Time           0.007 secs
    Windows x86 PE Exception Handling          0.993 secs
    Windows x86 PE RTTI Analyzer               1.011 secs
    Windows x86 Thread Environment Block (TEB) Analyzer     0.006 secs
    WindowsResourceReference                   1.435 secs
    x86 Constant Reference Analyzer            9.134 secs
-----------------------------------------------------
     Total Time   117 secs
-----------------------------------------------------
  
2026-07-02 17:05:17 INFO  (HeadlessAnalyzer) REPORT: Analysis succeeded for file: file:///Users/happyelements/SteamLibrary/steamapps/common/Like Dreamer/reverse/inputs/LikeDreamer.exe  
2026-07-02 17:05:17 INFO  (LocalFileSystem) /LikeDreamer.exe: file created (happyelements)  
2026-07-02 17:05:17 INFO  (HeadlessAnalyzer) REPORT: Save succeeded for: /LikeDreamer.exe (LikeDreamerGhidra:/LikeDreamer.exe)  
2026-07-02 17:05:17 INFO  (HeadlessAnalyzer) REPORT: Import succeeded  
