2026-07-02 17:20:57 INFO  (LoggingInitialization) Using log config file: jar:file:/opt/homebrew/Cellar/ghidra/12.1.2/libexec/Ghidra/Framework/Generic/lib/Generic.jar!/generic.log4j.xml  
2026-07-02 17:20:57 INFO  (LoggingInitialization) Using log file: /Users/happyelements/SteamLibrary/steamapps/common/Like Dreamer/reverse/ghidra-or-ida/logs/key-global-refs.log  
2026-07-02 17:20:57 DEBUG (GhidraObjectInputFilter) Including serial input filter: FileSystem/data/client.rmi.serial.filter  
2026-07-02 17:20:57 INFO  (Preferences) Loading user preferences: /Users/happyelements/Library/ghidra/ghidra_12.1.2_PUBLIC/preferences  
2026-07-02 17:20:57 INFO  (ClassSearcher) Searching for classes...  
2026-07-02 17:20:58 INFO  (ClassSearcher) Class search complete (537 ms)  
2026-07-02 17:20:58 INFO  (DefaultSSLContextInitializer) Initializing SSL Context  
2026-07-02 17:20:58 INFO  (SecureRandomFactory) Initializing Random Number Generator...  
2026-07-02 17:20:58 INFO  (SecureRandomFactory) Random Number Generator initialization complete: NativePRNGNonBlocking  
2026-07-02 17:20:58 INFO  (DefaultTrustManagerFactory) Trust manager disabled, cacerts have not been set  
2026-07-02 17:20:58 INFO  (AnalyzeHeadless) Headless startup complete (1258 ms)  
2026-07-02 17:20:58 INFO  (ClassSearcher) Class searcher loaded 59 extension points (20 false positives)  
2026-07-02 17:20:58 INFO  (HeadlessAnalyzer) HEADLESS Script Paths:
    /opt/homebrew/Cellar/ghidra/12.1.2/libexec/Ghidra/Features/SystemEmulation/ghidra_scripts
    /opt/homebrew/Cellar/ghidra/12.1.2/libexec/Ghidra/Features/Base/ghidra_scripts
    /opt/homebrew/Cellar/ghidra/12.1.2/libexec/Ghidra/Features/FunctionID/ghidra_scripts
    /opt/homebrew/Cellar/ghidra/12.1.2/libexec/Ghidra/Features/WildcardAssembler/ghidra_scripts
    /opt/homebrew/Cellar/ghidra/12.1.2/libexec/Ghidra/Features/MicrosoftCodeAnalyzer/ghidra_scripts
    /opt/homebrew/Cellar/ghidra/12.1.2/libexec/Ghidra/Features/FileFormats/ghidra_scripts
    /opt/homebrew/Cellar/ghidra/12.1.2/libexec/Ghidra/Processors/Atmel/ghidra_scripts
    /opt/homebrew/Cellar/ghidra/12.1.2/libexec/Ghidra/Features/DecompilerDependent/ghidra_scripts
    /opt/homebrew/Cellar/ghidra/12.1.2/libexec/Ghidra/Processors/8051/ghidra_scripts
    /opt/homebrew/Cellar/ghidra/12.1.2/libexec/Ghidra/Processors/DATA/ghidra_scripts
    /opt/homebrew/Cellar/ghidra/12.1.2/libexec/Ghidra/Processors/JVM/ghidra_scripts
    /opt/homebrew/Cellar/ghidra/12.1.2/libexec/Ghidra/Features/GnuDemangler/ghidra_scripts
    /opt/homebrew/Cellar/ghidra/12.1.2/libexec/Ghidra/Debug/Debugger/ghidra_scripts
    /opt/homebrew/Cellar/ghidra/12.1.2/libexec/Ghidra/Features/BSim/ghidra_scripts
    /opt/homebrew/Cellar/ghidra/12.1.2/libexec/Ghidra/Features/BytePatterns/ghidra_scripts
    /opt/homebrew/Cellar/ghidra/12.1.2/libexec/Ghidra/Features/PyGhidra/ghidra_scripts
    /Users/happyelements/SteamLibrary/steamapps/common/Like Dreamer/reverse/tools/ghidra_scripts
    /opt/homebrew/Cellar/ghidra/12.1.2/libexec/Ghidra/Debug/Debugger-rmi-trace/ghidra_scripts
    /opt/homebrew/Cellar/ghidra/12.1.2/libexec/Ghidra/Features/Decompiler/ghidra_scripts
    /opt/homebrew/Cellar/ghidra/12.1.2/libexec/Ghidra/Features/SwiftDemangler/ghidra_scripts
    /opt/homebrew/Cellar/ghidra/12.1.2/libexec/Ghidra/Features/VersionTracking/ghidra_scripts
    /opt/homebrew/Cellar/ghidra/12.1.2/libexec/Ghidra/Features/PDB/ghidra_scripts
    /opt/homebrew/Cellar/ghidra/12.1.2/libexec/Ghidra/Processors/PIC/ghidra_scripts  
2026-07-02 17:20:58 INFO  (HeadlessAnalyzer) HEADLESS: execution starts  
2026-07-02 17:20:58 INFO  (HeadlessAnalyzer) Opening existing project: /Users/happyelements/SteamLibrary/steamapps/common/Like Dreamer/reverse/ghidra-or-ida/project/LikeDreamerGhidra  
2026-07-02 17:20:58 INFO  (HeadlessProject) Opening project: /Users/happyelements/SteamLibrary/steamapps/common/Like Dreamer/reverse/ghidra-or-ida/project/LikeDreamerGhidra  
2026-07-02 17:20:59 INFO  (HeadlessAnalyzer) REPORT: Processing project file: /LikeDreamer.exe  
2026-07-02 17:20:59 INFO  (HeadlessAnalyzer) ANALYZING all memory and code: /LikeDreamer.exe  
2026-07-02 17:20:59 WARN  (NoReturnFunctionAnalyzer) Ignoring leading '_' chars on no-return name '___raise_securityfailure' specified in file: /opt/homebrew/Cellar/ghidra/12.1.2/libexec/Ghidra/Features/Base/data/PEFunctionsThatDoNotReturn  
2026-07-02 17:20:59 WARN  (NoReturnFunctionAnalyzer) Ignoring leading '_' chars on no-return name '___report_rangecheckfailure' specified in file: /opt/homebrew/Cellar/ghidra/12.1.2/libexec/Ghidra/Features/Base/data/PEFunctionsThatDoNotReturn  
2026-07-02 17:20:59 DEBUG (SymbolServerService) SymbolServerService: querying Program's Import Location - /Users/happyelements/SteamLibrary/steamapps/common/Like Dreamer/reverse/inputs for Outside_Game.pdb, ce125bbb-470c-4e33-b794-913978e0f014, 16, 0, ???  
2026-07-02 17:20:59 DEBUG (SymbolServerService) SymbolServerService: got 0 results from Program's Import Location - /Users/happyelements/SteamLibrary/steamapps/common/Like Dreamer/reverse/inputs  
2026-07-02 17:20:59 DEBUG (SymbolServerService) SymbolServerService: found 0 matches  
2026-07-02 17:20:59 INFO  (PdbUniversalAnalyzer) Skipping PDB processing: failed to locate PDB file in configured locations  
2026-07-02 17:20:59 INFO  (PdbUniversalAnalyzer) Use a script to set the PDB file location. I.e.,
    PdbAnalyzer.setPdbFileOption(currentProgram, new File("/path/to/pdb/file.pdb")); or
    PdbUniversalAnalyzer.setPdbFileOption(currentProgram, new File("/path/to/pdb/file.pdb"));
Or set the symbol server search configuration using:    PdbPlugin.saveSymbolServerServiceConfig(...);
 This must be done using a pre-script (prior to analysis).  
2026-07-02 17:21:06 WARN  (DecompileCallback) Decompiling 1401f1f20: Unable to read bytes at ram:144040000  
2026-07-02 17:21:15 WARN  (DecompileCallback) Decompiling 14017ae00: Unable to read bytes at ram:20ccccccc  
2026-07-02 17:21:48 INFO  (PackedDatabaseCache) Packed database cache: /var/tmp/happyelements-ghidra/packed-db-cache  
2026-07-02 17:21:48 DEBUG (PackedDatabaseCache) Using cached packed database: /opt/homebrew/Cellar/ghidra/12.1.2/libexec/Ghidra/Features/Base/data/typeinfo/win32/windows_vs12_64.gdt  
2026-07-02 17:21:49 INFO  (ApplyDataArchiveAnalyzer) Applied data type archive: windows_vs12_64  
2026-07-02 17:21:51 INFO  (AutoAnalysisManager) -----------------------------------------------------
    ASCII Strings                              0.535 secs
    Apply Data Archives                        0.327 secs
    Call Convention ID                         0.050 secs
    Call-Fixup Installer                       0.021 secs
    Create Address Tables                      0.714 secs
    Create Function                            0.000 secs
    Data Reference                             0.729 secs
    Decompiler Switch Analysis                27.391 secs
    Demangler Microsoft                        0.010 secs
    Disassemble Entry Points                   0.285 secs
    Embedded Media                             0.062 secs
    External Entry References                  0.000 secs
    Function ID                                3.181 secs
    Function Start Search                      0.075 secs
    Non-Returning Functions - Discovered       1.936 secs
    Non-Returning Functions - Known            0.027 secs
    PDB Universal                              0.007 secs
    Reference                                  0.770 secs
    Scalar Operand References                  3.081 secs
    Shared Return Calls                        0.661 secs
    Stack                                      0.709 secs
    Subroutine References                      0.849 secs
    Windows x86 PE Exception Handling          0.058 secs
    Windows x86 PE RTTI Analyzer               0.001 secs
    Windows x86 Thread Environment Block (TEB) Analyzer     0.000 secs
    WindowsResourceReference                   0.281 secs
    x86 Constant Reference Analyzer            9.875 secs
-----------------------------------------------------
     Total Time   51 secs
-----------------------------------------------------
  
2026-07-02 17:21:51 INFO  (HeadlessAnalyzer) REPORT: Analysis succeeded for file: /LikeDreamer.exe  
2026-07-02 17:21:51 INFO  (HeadlessAnalyzer) REPORT: Execute script: ExportAddressRefs.java '/Users/happyelements/SteamLibrary/steamapps/common/Like Dreamer/reverse/ghidra-or-ida/exports' '140976008' '14097600c' '14097604b'   
2026-07-02 17:21:51 INFO  (HeadlessAnalyzer) SCRIPT: /Users/happyelements/SteamLibrary/steamapps/common/Like Dreamer/reverse/tools/ghidra_scripts/ExportAddressRefs.java  
2026-07-02 17:21:52 INFO  (HeadlessAnalyzer) ANALYZING changes made by post scripts: /LikeDreamer.exe  
2026-07-02 17:21:52 INFO  (HeadlessAnalyzer) REPORT: Post-analysis succeeded for file: /LikeDreamer.exe  
2026-07-02 17:21:52 INFO  (HeadlessAnalyzer) REPORT: Save succeeded for processed file: /LikeDreamer.exe  
