INFO  Using log config file: jar:file:/opt/homebrew/Cellar/ghidra/12.1.2/libexec/Ghidra/Framework/Generic/lib/Generic.jar!/generic.log4j.xml (LoggingInitialization)  
INFO  Using log file: /Users/happyelements/Library/ghidra/ghidra_12.1.2_PUBLIC/application.log (LoggingInitialization)  
INFO  Loading user preferences: /Users/happyelements/Library/ghidra/ghidra_12.1.2_PUBLIC/preferences (Preferences)  
INFO  Searching for classes... (ClassSearcher)  
INFO  Class search complete (571 ms) (ClassSearcher)  
INFO  Initializing SSL Context (DefaultSSLContextInitializer)  
INFO  Initializing Random Number Generator... (SecureRandomFactory)  
INFO  Random Number Generator initialization complete: NativePRNGNonBlocking (SecureRandomFactory)  
INFO  Trust manager disabled, cacerts have not been set (DefaultTrustManagerFactory)  
INFO  Headless startup complete (1447 ms) (AnalyzeHeadless)  
INFO  Class searcher loaded 59 extension points (20 false positives) (ClassSearcher)  
INFO  HEADLESS Script Paths:
    /opt/homebrew/Cellar/ghidra/12.1.2/libexec/Ghidra/Features/SystemEmulation/ghidra_scripts
    /opt/homebrew/Cellar/ghidra/12.1.2/libexec/Ghidra/Features/Base/ghidra_scripts
    /opt/homebrew/Cellar/ghidra/12.1.2/libexec/Ghidra/Features/FunctionID/ghidra_scripts
    /opt/homebrew/Cellar/ghidra/12.1.2/libexec/Ghidra/Features/WildcardAssembler/ghidra_scripts
    /opt/homebrew/Cellar/ghidra/12.1.2/libexec/Ghidra/Features/MicrosoftCodeAnalyzer/ghidra_scripts
    /opt/homebrew/Cellar/ghidra/12.1.2/libexec/Ghidra/Features/FileFormats/ghidra_scripts
    /opt/homebrew/Cellar/ghidra/12.1.2/libexec/Ghidra/Processors/Atmel/ghidra_scripts
    /opt/homebrew/Cellar/ghidra/12.1.2/libexec/Ghidra/Features/DecompilerDependent/ghidra_scripts
    /opt/homebrew/Cellar/ghidra/12.1.2/libexec/Ghidra/Processors/8051/ghidra_scripts
    /opt/homebrew/Cellar/ghidra/12.1.2/libexec/Ghidra/Processors/DATA/ghidra_scripts
    /opt/homebrew/Cellar/ghidra/12.1.2/libexec/Ghidra/Processors/JVM/ghidra_scripts
    /opt/homebrew/Cellar/ghidra/12.1.2/libexec/Ghidra/Features/GnuDemangler/ghidra_scripts
    /opt/homebrew/Cellar/ghidra/12.1.2/libexec/Ghidra/Debug/Debugger/ghidra_scripts
    /opt/homebrew/Cellar/ghidra/12.1.2/libexec/Ghidra/Features/BSim/ghidra_scripts
    /opt/homebrew/Cellar/ghidra/12.1.2/libexec/Ghidra/Features/BytePatterns/ghidra_scripts
    /opt/homebrew/Cellar/ghidra/12.1.2/libexec/Ghidra/Features/PyGhidra/ghidra_scripts
    /Users/happyelements/SteamLibrary/steamapps/common/Like Dreamer/reverse/tools/ghidra_scripts
    /opt/homebrew/Cellar/ghidra/12.1.2/libexec/Ghidra/Debug/Debugger-rmi-trace/ghidra_scripts
    /opt/homebrew/Cellar/ghidra/12.1.2/libexec/Ghidra/Features/Decompiler/ghidra_scripts
    /opt/homebrew/Cellar/ghidra/12.1.2/libexec/Ghidra/Features/SwiftDemangler/ghidra_scripts
    /opt/homebrew/Cellar/ghidra/12.1.2/libexec/Ghidra/Features/VersionTracking/ghidra_scripts
    /opt/homebrew/Cellar/ghidra/12.1.2/libexec/Ghidra/Features/PDB/ghidra_scripts
    /opt/homebrew/Cellar/ghidra/12.1.2/libexec/Ghidra/Processors/PIC/ghidra_scripts (HeadlessAnalyzer)  
INFO  HEADLESS: execution starts (HeadlessAnalyzer)  
INFO  Opening existing project: /Users/happyelements/SteamLibrary/steamapps/common/Like Dreamer/reverse/ghidra-or-ida/project/LikeDreamerGhidra (HeadlessAnalyzer)  
INFO  Opening project: /Users/happyelements/SteamLibrary/steamapps/common/Like Dreamer/reverse/ghidra-or-ida/project/LikeDreamerGhidra (HeadlessProject)  
INFO  REPORT: Processing project file: /LikeDreamer.exe (HeadlessAnalyzer)  
INFO  ANALYZING all memory and code: /LikeDreamer.exe (HeadlessAnalyzer)  
WARN  Ignoring leading '_' chars on no-return name '___raise_securityfailure' specified in file: /opt/homebrew/Cellar/ghidra/12.1.2/libexec/Ghidra/Features/Base/data/PEFunctionsThatDoNotReturn (NoReturnFunctionAnalyzer)  
WARN  Ignoring leading '_' chars on no-return name '___report_rangecheckfailure' specified in file: /opt/homebrew/Cellar/ghidra/12.1.2/libexec/Ghidra/Features/Base/data/PEFunctionsThatDoNotReturn (NoReturnFunctionAnalyzer)  
INFO  Skipping PDB processing: failed to locate PDB file in configured locations (PdbUniversalAnalyzer)  
INFO  Use a script to set the PDB file location. I.e.,
    PdbAnalyzer.setPdbFileOption(currentProgram, new File("/path/to/pdb/file.pdb")); or
    PdbUniversalAnalyzer.setPdbFileOption(currentProgram, new File("/path/to/pdb/file.pdb"));
Or set the symbol server search configuration using:    PdbPlugin.saveSymbolServerServiceConfig(...);
 This must be done using a pre-script (prior to analysis). (PdbUniversalAnalyzer)  
WARN  Decompiling 14017ae00: Unable to read bytes at ram:20ccccccc (DecompileCallback)  
WARN  Decompiling 1401f1f20: Unable to read bytes at ram:144040000 (DecompileCallback)  
INFO  Packed database cache: /var/tmp/happyelements-ghidra/packed-db-cache (PackedDatabaseCache)  
INFO  Applied data type archive: windows_vs12_64 (ApplyDataArchiveAnalyzer)  
INFO  -----------------------------------------------------
    ASCII Strings                              0.560 secs
    Apply Data Archives                        0.271 secs
    Call Convention ID                         0.027 secs
    Call-Fixup Installer                       0.014 secs
    Create Address Tables                      0.733 secs
    Create Function                            0.000 secs
    Data Reference                             0.777 secs
    Decompiler Switch Analysis                61.415 secs
    Demangler Microsoft                        0.013 secs
    Disassemble Entry Points                   0.240 secs
    Embedded Media                             0.071 secs
    External Entry References                  0.000 secs
    Function ID                                3.101 secs
    Function Start Search                      0.087 secs
    Non-Returning Functions - Discovered       1.772 secs
    Non-Returning Functions - Known            0.029 secs
    PDB Universal                              0.012 secs
    Reference                                  0.719 secs
    Scalar Operand References                  2.969 secs
    Shared Return Calls                        0.732 secs
    Stack                                      0.653 secs
    Subroutine References                      0.660 secs
    Windows x86 PE Exception Handling          0.070 secs
    Windows x86 PE RTTI Analyzer               0.000 secs
    Windows x86 Thread Environment Block (TEB) Analyzer     0.000 secs
    WindowsResourceReference                   0.286 secs
    x86 Constant Reference Analyzer           11.825 secs
-----------------------------------------------------
     Total Time   87 secs
-----------------------------------------------------
 (AutoAnalysisManager)  
INFO  REPORT: Analysis succeeded for file: /LikeDreamer.exe (HeadlessAnalyzer)  
INFO  REPORT: Execute script: RenameGameplayHelpers.java  (HeadlessAnalyzer)  
INFO  SCRIPT: /Users/happyelements/SteamLibrary/steamapps/common/Like Dreamer/reverse/tools/ghidra_scripts/RenameGameplayHelpers.java (HeadlessAnalyzer)  
INFO  RenameGameplayHelpers.java> RENAMED	1400f7150	FUN_1400f7150	gameplay_context_init_candidate (GhidraScript)  
INFO  RenameGameplayHelpers.java> RENAMED	1400d3a60	FUN_1400d3a60	ambient_effect_update_and_render_candidate (GhidraScript)  
INFO  RenameGameplayHelpers.java> RENAMED	1400d3fd0	FUN_1400d3fd0	transition_tile_wipe_out_candidate (GhidraScript)  
INFO  RenameGameplayHelpers.java> RENAMED	1400d4310	FUN_1400d4310	transition_tile_wipe_in_candidate (GhidraScript)  
INFO  RenameGameplayHelpers.java> RENAMED	140106be0	FUN_140106be0	player_update_input_movement_candidate (GhidraScript)  
INFO  RenameGameplayHelpers.java> RENAMED	140135330	FUN_140135330	result_route_predicate_candidate (GhidraScript)  
INFO  RenameGameplayHelpers.java> SUMMARY	ok=6	missing=0 (GhidraScript)  
INFO  ANALYZING changes made by post scripts: /LikeDreamer.exe (HeadlessAnalyzer)  
INFO  REPORT: Post-analysis succeeded for file: /LikeDreamer.exe (HeadlessAnalyzer)  
INFO  REPORT: Save succeeded for processed file: /LikeDreamer.exe (HeadlessAnalyzer)  
