INFO  Using log config file: jar:file:/opt/homebrew/Cellar/ghidra/12.1.2/libexec/Ghidra/Framework/Generic/lib/Generic.jar!/generic.log4j.xml (LoggingInitialization)  
INFO  Using log file: /Users/happyelements/Library/ghidra/ghidra_12.1.2_PUBLIC/application.log (LoggingInitialization)  
INFO  Loading user preferences: /Users/happyelements/Library/ghidra/ghidra_12.1.2_PUBLIC/preferences (Preferences)  
INFO  Searching for classes... (ClassSearcher)  
INFO  Class search complete (539 ms) (ClassSearcher)  
INFO  Initializing SSL Context (DefaultSSLContextInitializer)  
INFO  Initializing Random Number Generator... (SecureRandomFactory)  
INFO  Random Number Generator initialization complete: NativePRNGNonBlocking (SecureRandomFactory)  
INFO  Trust manager disabled, cacerts have not been set (DefaultTrustManagerFactory)  
INFO  Headless startup complete (1107 ms) (AnalyzeHeadless)  
INFO  Class searcher loaded 59 extension points (20 false positives) (ClassSearcher)  
INFO  HEADLESS Script Paths:
    /opt/homebrew/Cellar/ghidra/12.1.2/libexec/Ghidra/Features/SystemEmulation/ghidra_scripts
    /opt/homebrew/Cellar/ghidra/12.1.2/libexec/Ghidra/Features/Base/ghidra_scripts
    /opt/homebrew/Cellar/ghidra/12.1.2/libexec/Ghidra/Features/FunctionID/ghidra_scripts
    /opt/homebrew/Cellar/ghidra/12.1.2/libexec/Ghidra/Features/WildcardAssembler/ghidra_scripts
    /opt/homebrew/Cellar/ghidra/12.1.2/libexec/Ghidra/Features/MicrosoftCodeAnalyzer/ghidra_scripts
    /opt/homebrew/Cellar/ghidra/12.1.2/libexec/Ghidra/Features/FileFormats/ghidra_scripts
    /opt/homebrew/Cellar/ghidra/12.1.2/libexec/Ghidra/Processors/Atmel/ghidra_scripts
    /opt/homebrew/Cellar/ghidra/12.1.2/libexec/Ghidra/Features/DecompilerDependent/ghidra_scripts
    /opt/homebrew/Cellar/ghidra/12.1.2/libexec/Ghidra/Processors/8051/ghidra_scripts
    /opt/homebrew/Cellar/ghidra/12.1.2/libexec/Ghidra/Processors/DATA/ghidra_scripts
    /opt/homebrew/Cellar/ghidra/12.1.2/libexec/Ghidra/Processors/JVM/ghidra_scripts
    /opt/homebrew/Cellar/ghidra/12.1.2/libexec/Ghidra/Features/GnuDemangler/ghidra_scripts
    /opt/homebrew/Cellar/ghidra/12.1.2/libexec/Ghidra/Debug/Debugger/ghidra_scripts
    /opt/homebrew/Cellar/ghidra/12.1.2/libexec/Ghidra/Features/BSim/ghidra_scripts
    /opt/homebrew/Cellar/ghidra/12.1.2/libexec/Ghidra/Features/BytePatterns/ghidra_scripts
    /opt/homebrew/Cellar/ghidra/12.1.2/libexec/Ghidra/Features/PyGhidra/ghidra_scripts
    /Users/happyelements/SteamLibrary/steamapps/common/Like Dreamer/reverse/tools/ghidra_scripts
    /opt/homebrew/Cellar/ghidra/12.1.2/libexec/Ghidra/Debug/Debugger-rmi-trace/ghidra_scripts
    /opt/homebrew/Cellar/ghidra/12.1.2/libexec/Ghidra/Features/Decompiler/ghidra_scripts
    /opt/homebrew/Cellar/ghidra/12.1.2/libexec/Ghidra/Features/SwiftDemangler/ghidra_scripts
    /opt/homebrew/Cellar/ghidra/12.1.2/libexec/Ghidra/Features/VersionTracking/ghidra_scripts
    /opt/homebrew/Cellar/ghidra/12.1.2/libexec/Ghidra/Features/PDB/ghidra_scripts
    /opt/homebrew/Cellar/ghidra/12.1.2/libexec/Ghidra/Processors/PIC/ghidra_scripts (HeadlessAnalyzer)  
INFO  HEADLESS: execution starts (HeadlessAnalyzer)  
INFO  Opening existing project: /Users/happyelements/SteamLibrary/steamapps/common/Like Dreamer/reverse/ghidra-or-ida/project/LikeDreamerGhidra (HeadlessAnalyzer)  
INFO  Opening project: /Users/happyelements/SteamLibrary/steamapps/common/Like Dreamer/reverse/ghidra-or-ida/project/LikeDreamerGhidra (HeadlessProject)  
INFO  REPORT: Processing project file: /LikeDreamer.exe (HeadlessAnalyzer)  
INFO  ANALYZING all memory and code: /LikeDreamer.exe (HeadlessAnalyzer)  
WARN  Ignoring leading '_' chars on no-return name '___raise_securityfailure' specified in file: /opt/homebrew/Cellar/ghidra/12.1.2/libexec/Ghidra/Features/Base/data/PEFunctionsThatDoNotReturn (NoReturnFunctionAnalyzer)  
WARN  Ignoring leading '_' chars on no-return name '___report_rangecheckfailure' specified in file: /opt/homebrew/Cellar/ghidra/12.1.2/libexec/Ghidra/Features/Base/data/PEFunctionsThatDoNotReturn (NoReturnFunctionAnalyzer)  
INFO  Skipping PDB processing: failed to locate PDB file in configured locations (PdbUniversalAnalyzer)  
INFO  Use a script to set the PDB file location. I.e.,
    PdbAnalyzer.setPdbFileOption(currentProgram, new File("/path/to/pdb/file.pdb")); or
    PdbUniversalAnalyzer.setPdbFileOption(currentProgram, new File("/path/to/pdb/file.pdb"));
Or set the symbol server search configuration using:    PdbPlugin.saveSymbolServerServiceConfig(...);
 This must be done using a pre-script (prior to analysis). (PdbUniversalAnalyzer)  
WARN  Decompiling 14017ae00: Unable to read bytes at ram:20ccccccc (DecompileCallback)  
WARN  Decompiling 1401f1f20: Unable to read bytes at ram:144040000 (DecompileCallback)  
INFO  Packed database cache: /var/tmp/happyelements-ghidra/packed-db-cache (PackedDatabaseCache)  
INFO  Applied data type archive: windows_vs12_64 (ApplyDataArchiveAnalyzer)  
INFO  -----------------------------------------------------
    ASCII Strings                              0.484 secs
    Apply Data Archives                        0.259 secs
    Call Convention ID                         0.026 secs
    Call-Fixup Installer                       0.016 secs
    Create Address Tables                      0.737 secs
    Create Function                            0.000 secs
    Data Reference                             0.645 secs
    Decompiler Switch Analysis                28.846 secs
    Demangler Microsoft                        0.012 secs
    Disassemble Entry Points                   0.221 secs
    Embedded Media                             0.071 secs
    External Entry References                  0.001 secs
    Function ID                                3.011 secs
    Function Start Search                      0.065 secs
    Non-Returning Functions - Discovered       1.691 secs
    Non-Returning Functions - Known            0.024 secs
    PDB Universal                              0.007 secs
    Reference                                  0.735 secs
    Scalar Operand References                  2.922 secs
    Shared Return Calls                        0.638 secs
    Stack                                      0.777 secs
    Subroutine References                      0.622 secs
    Windows x86 PE Exception Handling          0.061 secs
    Windows x86 PE RTTI Analyzer               0.000 secs
    Windows x86 Thread Environment Block (TEB) Analyzer     0.000 secs
    WindowsResourceReference                   0.277 secs
    x86 Constant Reference Analyzer            9.619 secs
-----------------------------------------------------
     Total Time   51 secs
-----------------------------------------------------
 (AutoAnalysisManager)  
INFO  REPORT: Analysis succeeded for file: /LikeDreamer.exe (HeadlessAnalyzer)  
INFO  REPORT: Execute script: RenameGameplaySpawnHelpers.java  (HeadlessAnalyzer)  
INFO  SCRIPT: /Users/happyelements/SteamLibrary/steamapps/common/Like Dreamer/reverse/tools/ghidra_scripts/RenameGameplaySpawnHelpers.java (HeadlessAnalyzer)  
INFO  RenameGameplaySpawnHelpers.java> RENAMED	14007b710	FUN_14007b710	stage_spawn_dispatch_candidate (GhidraScript)  
INFO  RenameGameplaySpawnHelpers.java> RENAMED	140078a00	FUN_140078a00	stage_entity_spawn_candidate (GhidraScript)  
INFO  RenameGameplaySpawnHelpers.java> RENAMED	140079b00	FUN_140079b00	stage_entity_flush_effects_candidate (GhidraScript)  
INFO  RenameGameplaySpawnHelpers.java> RENAMED	14006c420	FUN_14006c420	stage_pending_effect_flush_candidate (GhidraScript)  
INFO  RenameGameplaySpawnHelpers.java> RENAMED	14012e8e0	FUN_14012e8e0	stage_intro_banner_event_candidate (GhidraScript)  
INFO  RenameGameplaySpawnHelpers.java> RENAMED	1401307e0	FUN_1401307e0	stage_intro_skip_prompt_candidate (GhidraScript)  
INFO  RenameGameplaySpawnHelpers.java> RENAMED	1401309b0	FUN_1401309b0	stage_continue_prompt_candidate (GhidraScript)  
INFO  RenameGameplaySpawnHelpers.java> RENAMED	140130be0	FUN_140130be0	stage_hud_or_option_panel_candidate (GhidraScript)  
INFO  RenameGameplaySpawnHelpers.java> SUMMARY	ok=8	missing=0 (GhidraScript)  
INFO  ANALYZING changes made by post scripts: /LikeDreamer.exe (HeadlessAnalyzer)  
INFO  REPORT: Post-analysis succeeded for file: /LikeDreamer.exe (HeadlessAnalyzer)  
INFO  REPORT: Save succeeded for processed file: /LikeDreamer.exe (HeadlessAnalyzer)  
